<?xml version="1.0" encoding="UTF-8"?>
<!-- Generated by org.testng.reporters.JUnitReportReporter -->
<testsuite skipped="43" hostname="DESKTOP-81BPFCL" name="E2ETestCases.dSP.regression" tests="44" failures="0" timestamp="2020-08-02T20:12:30 IST" time="43.587" errors="1">
  <testcase name="SuccessfulOrderexecutionSingleCommand_XMLRequest" time="43.587" classname="E2ETestCases.dSP.regression">
    <error type="org.openqa.selenium.NoSuchElementException" message="no such element: Unable to locate element: {&quot;method&quot;:&quot;xpath&quot;,&quot;selector&quot;:&quot;//input[@name=&quot;txtUsername&quot;]&quot;}
  (Session info: chrome=79.0.3945.88)
For documentation on this error, please visit: https://www.seleniumhq.org/exceptions/no_such_element.html
Build info: version: &#039;3.141.59&#039;, revision: &#039;e82be7d358&#039;, time: &#039;2018-11-14T08:17:03&#039;
System info: host: &#039;DESKTOP-81BPFCL&#039;, ip: &#039;192.168.0.103&#039;, os.name: &#039;Windows 10&#039;, os.arch: &#039;amd64&#039;, os.version: &#039;10.0&#039;, java.version: &#039;1.8.0_251&#039;
Driver info: org.openqa.selenium.chrome.ChromeDriver
Capabilities {acceptInsecureCerts: false, browserName: chrome, browserVersion: 79.0.3945.88, chrome: {chromedriverVersion: 79.0.3945.36 (3582db32b3389..., userDataDir: C:\Users\Viral\AppData\Loca...}, goog:chromeOptions: {debuggerAddress: localhost:60183}, javascriptEnabled: true, networkConnectionEnabled: false, pageLoadStrategy: normal, platform: WINDOWS, platformName: WINDOWS, proxy: Proxy(), setWindowRect: true, strictFileInteractability: false, timeouts: {implicit: 0, pageLoad: 300000, script: 30000}, unhandledPromptBehavior: dismiss and notify}
Session ID: 9c6ffd7416e4f0f820ce711200855536
*** Element info: {Using=xpath, value=//input[@name=&quot;txtUsername&quot;]}">
      <![CDATA[org.openqa.selenium.NoSuchElementException: no such element: Unable to locate element: {"method":"xpath","selector":"//input[@name="txtUsername"]"}
  (Session info: chrome=79.0.3945.88)
For documentation on this error, please visit: https://www.seleniumhq.org/exceptions/no_such_element.html
Build info: version: '3.141.59', revision: 'e82be7d358', time: '2018-11-14T08:17:03'
System info: host: 'DESKTOP-81BPFCL', ip: '192.168.0.103', os.name: 'Windows 10', os.arch: 'amd64', os.version: '10.0', java.version: '1.8.0_251'
Driver info: org.openqa.selenium.chrome.ChromeDriver
Capabilities {acceptInsecureCerts: false, browserName: chrome, browserVersion: 79.0.3945.88, chrome: {chromedriverVersion: 79.0.3945.36 (3582db32b3389..., userDataDir: C:\Users\Viral\AppData\Loca...}, goog:chromeOptions: {debuggerAddress: localhost:60183}, javascriptEnabled: true, networkConnectionEnabled: false, pageLoadStrategy: normal, platform: WINDOWS, platformName: WINDOWS, proxy: Proxy(), setWindowRect: true, strictFileInteractability: false, timeouts: {implicit: 0, pageLoad: 300000, script: 30000}, unhandledPromptBehavior: dismiss and notify}
Session ID: 9c6ffd7416e4f0f820ce711200855536
*** Element info: {Using=xpath, value=//input[@name="txtUsername"]}
at sun.reflect.NativeConstructorAccessorImpl.newInstance0(Native Method)
at sun.reflect.NativeConstructorAccessorImpl.newInstance(Unknown Source)
at sun.reflect.DelegatingConstructorAccessorImpl.newInstance(Unknown Source)
at java.lang.reflect.Constructor.newInstance(Unknown Source)
at org.openqa.selenium.remote.http.W3CHttpResponseCodec.createException(W3CHttpResponseCodec.java:187)
at org.openqa.selenium.remote.http.W3CHttpResponseCodec.decode(W3CHttpResponseCodec.java:122)
at org.openqa.selenium.remote.http.W3CHttpResponseCodec.decode(W3CHttpResponseCodec.java:49)
at org.openqa.selenium.remote.HttpCommandExecutor.execute(HttpCommandExecutor.java:158)
at org.openqa.selenium.remote.service.DriverCommandExecutor.execute(DriverCommandExecutor.java:83)
at org.openqa.selenium.remote.RemoteWebDriver.execute(RemoteWebDriver.java:552)
at org.openqa.selenium.remote.RemoteWebDriver.findElement(RemoteWebDriver.java:323)
at org.openqa.selenium.remote.RemoteWebDriver.findElementByXPath(RemoteWebDriver.java:428)
at org.openqa.selenium.By$ByXPath.findElement(By.java:353)
at org.openqa.selenium.remote.RemoteWebDriver.findElement(RemoteWebDriver.java:315)
at com.pageobjects.LoginPage.getUsername(LoginPage.java:26)
at reusableMethods.Utilities.loginMethod(Utilities.java:36)
at E2ETestCases.dSP.regression.SuccessfulOrderexecutionSingleCommand_XMLRequest(regression.java:65)
at sun.reflect.NativeMethodAccessorImpl.invoke0(Native Method)
at sun.reflect.NativeMethodAccessorImpl.invoke(Unknown Source)
at sun.reflect.DelegatingMethodAccessorImpl.invoke(Unknown Source)
at java.lang.reflect.Method.invoke(Unknown Source)
at org.testng.internal.MethodInvocationHelper.invokeMethod(MethodInvocationHelper.java:133)
at org.testng.internal.TestInvoker.invokeMethod(TestInvoker.java:584)
at org.testng.internal.TestInvoker.invokeTestMethod(TestInvoker.java:172)
at org.testng.internal.MethodRunner.runInSequence(MethodRunner.java:46)
at org.testng.internal.TestInvoker$MethodInvocationAgent.invoke(TestInvoker.java:804)
at org.testng.internal.TestInvoker.invokeTestMethods(TestInvoker.java:145)
at org.testng.internal.TestMethodWorker.invokeTestMethods(TestMethodWorker.java:146)
at org.testng.internal.TestMethodWorker.run(TestMethodWorker.java:128)
at java.util.ArrayList.forEach(Unknown Source)
at org.testng.TestRunner.privateRun(TestRunner.java:770)
at org.testng.TestRunner.run(TestRunner.java:591)
at org.testng.SuiteRunner.runTest(SuiteRunner.java:402)
at org.testng.SuiteRunner.runSequentially(SuiteRunner.java:396)
at org.testng.SuiteRunner.privateRun(SuiteRunner.java:355)
at org.testng.SuiteRunner.run(SuiteRunner.java:304)
at org.testng.SuiteRunnerWorker.runSuite(SuiteRunnerWorker.java:53)
at org.testng.SuiteRunnerWorker.run(SuiteRunnerWorker.java:96)
at org.testng.TestNG.runSuitesSequentially(TestNG.java:1180)
at org.testng.TestNG.runSuitesLocally(TestNG.java:1102)
at org.testng.TestNG.runSuites(TestNG.java:1032)
at org.testng.TestNG.run(TestNG.java:1000)
at org.testng.remote.AbstractRemoteTestNG.run(AbstractRemoteTestNG.java:115)
at org.testng.remote.RemoteTestNG.initAndRun(RemoteTestNG.java:251)
at org.testng.remote.RemoteTestNG.main(RemoteTestNG.java:77)
]]>
    </error>
  </testcase> <!-- SuccessfulOrderexecutionSingleCommand_XMLRequest -->
  <testcase name="FailedNBOrderRequest_DuplicateOrderID_JMSXML" classname="E2ETestCases.dSP.regression">
    <skipped/>
  </testcase> <!-- FailedNBOrderRequest_DuplicateOrderID_JMSXML -->
  <testcase name="FailedOrderexecutionSingleCommand_InvalidInput_XMLDevice" classname="E2ETestCases.dSP.regression">
    <skipped/>
  </testcase> <!-- FailedOrderexecutionSingleCommand_InvalidInput_XMLDevice -->
  <testcase name="FailedNBOrderRequest_SyntaticalErrors_RestAsync_JSON" classname="E2ETestCases.dSP.regression">
    <skipped/>
  </testcase> <!-- FailedNBOrderRequest_SyntaticalErrors_RestAsync_JSON -->
  <testcase name="FailedNBOrderRequest_InvalidData_RestAsync_JSON" classname="E2ETestCases.dSP.regression">
    <skipped/>
  </testcase> <!-- FailedNBOrderRequest_InvalidData_RestAsync_JSON -->
  <testcase name="FailedNBOrderRequest_InvalidRequest_RestAsync_JSON" classname="E2ETestCases.dSP.regression">
    <skipped/>
  </testcase> <!-- FailedNBOrderRequest_InvalidRequest_RestAsync_JSON -->
  <testcase name="FailedOrderexecutionSingleCommand_InvalidInput_JSONDevice" classname="E2ETestCases.dSP.regression">
    <skipped/>
  </testcase> <!-- FailedOrderexecutionSingleCommand_InvalidInput_JSONDevice -->
  <testcase name="FailedNBOrderRequest_DuplicateOrderID_RestAsync_JSON" classname="E2ETestCases.dSP.regression">
    <skipped/>
  </testcase> <!-- FailedNBOrderRequest_DuplicateOrderID_RestAsync_JSON -->
  <testcase name="PastScheduledproperty_NBOrderRequest_RestAsync_JSON" classname="E2ETestCases.dSP.regression">
    <skipped/>
  </testcase> <!-- PastScheduledproperty_NBOrderRequest_RestAsync_JSON -->
  <testcase name="FailedNBOrderRequest_SyntacticalErrors_JMSXML" classname="E2ETestCases.dSP.regression">
    <skipped/>
  </testcase> <!-- FailedNBOrderRequest_SyntacticalErrors_JMSXML -->
  <testcase name="FailedNBOrderRequest_InvalidRequest_JMSJSON_SBDevice_SOAP" classname="E2ETestCases.dSP.regression">
    <skipped/>
  </testcase> <!-- FailedNBOrderRequest_InvalidRequest_JMSJSON_SBDevice_SOAP -->
  <testcase name="SuccessfulNBOrderRequest_RESTASYNCXML" classname="E2ETestCases.dSP.regression">
    <skipped/>
  </testcase> <!-- SuccessfulNBOrderRequest_RESTASYNCXML -->
  <testcase name="FailedNBOrderRequest_IncorrectCommandURL_RestAsync_JSON" classname="E2ETestCases.dSP.regression">
    <skipped/>
  </testcase> <!-- FailedNBOrderRequest_IncorrectCommandURL_RestAsync_JSON -->
  <testcase name="SuccessfulNBOrderRequest_RESTASYNCJSON_SBDevice_SOAP" classname="E2ETestCases.dSP.regression">
    <skipped/>
  </testcase> <!-- SuccessfulNBOrderRequest_RESTASYNCJSON_SBDevice_SOAP -->
  <testcase name="FailedNBOrderRequest_IncorrectProvisioningURL_JMSXML" classname="E2ETestCases.dSP.regression">
    <skipped/>
  </testcase> <!-- FailedNBOrderRequest_IncorrectProvisioningURL_JMSXML -->
  <testcase name="Test1" classname="E2ETestCases.dSP.regression">
    <skipped/>
  </testcase> <!-- Test1 -->
  <testcase name="SuccessfulNBOrderRequest_RESTASYNCJSON" classname="E2ETestCases.dSP.regression">
    <skipped/>
  </testcase> <!-- SuccessfulNBOrderRequest_RESTASYNCJSON -->
  <testcase name="FailedOrderexecutionSingleCommand_InvalidProvisioningURL_XMLDevice" classname="E2ETestCases.dSP.regression">
    <skipped/>
  </testcase> <!-- FailedOrderexecutionSingleCommand_InvalidProvisioningURL_XMLDevice -->
  <testcase name="SuccessfulNBOrderRequest_JMSXML" classname="E2ETestCases.dSP.regression">
    <skipped/>
  </testcase> <!-- SuccessfulNBOrderRequest_JMSXML -->
  <testcase name="SuccessfulOrderexecutionSingleCommand_JSONRequest" classname="E2ETestCases.dSP.regression">
    <skipped/>
  </testcase> <!-- SuccessfulOrderexecutionSingleCommand_JSONRequest -->
  <testcase name="FailedNBOrderRequest_InvalidRequest_JMSXML_SBDevice_SOAP" classname="E2ETestCases.dSP.regression">
    <skipped/>
  </testcase> <!-- FailedNBOrderRequest_InvalidRequest_JMSXML_SBDevice_SOAP -->
  <testcase name="SuccessfulNBOrderRequest_RESTASYNCXML_SBDevice_SOAP" classname="E2ETestCases.dSP.regression">
    <skipped/>
  </testcase> <!-- SuccessfulNBOrderRequest_RESTASYNCXML_SBDevice_SOAP -->
  <testcase name="PastScheduledproperty_NBOrderRequest_RestAsync_XML" classname="E2ETestCases.dSP.regression">
    <skipped/>
  </testcase> <!-- PastScheduledproperty_NBOrderRequest_RestAsync_XML -->
  <testcase name="FailedNBOrderRequest_WithoutOrderID_RestAsync_JSON" classname="E2ETestCases.dSP.regression">
    <skipped/>
  </testcase> <!-- FailedNBOrderRequest_WithoutOrderID_RestAsync_JSON -->
  <testcase name="FailedNBOrderRequest_InvalidRequest_JMSXML" classname="E2ETestCases.dSP.regression">
    <skipped/>
  </testcase> <!-- FailedNBOrderRequest_InvalidRequest_JMSXML -->
  <testcase name="SuccessfulNBOrderRequest_JMSJSON" classname="E2ETestCases.dSP.regression">
    <skipped/>
  </testcase> <!-- SuccessfulNBOrderRequest_JMSJSON -->
  <testcase name="FailedNBOrderRequest_InvalidData_RestAsync_XML" classname="E2ETestCases.dSP.regression">
    <skipped/>
  </testcase> <!-- FailedNBOrderRequest_InvalidData_RestAsync_XML -->
  <testcase name="FailedOrderexecutionSingleCommand_InvalidProvisioningURL_JSONDevice" classname="E2ETestCases.dSP.regression">
    <skipped/>
  </testcase> <!-- FailedOrderexecutionSingleCommand_InvalidProvisioningURL_JSONDevice -->
  <testcase name="Test2" classname="E2ETestCases.dSP.regression">
    <skipped/>
  </testcase> <!-- Test2 -->
  <testcase name="FailedOrderexecutionSingleCommand_InvalidCommandURL_JSONDevice" classname="E2ETestCases.dSP.regression">
    <skipped/>
  </testcase> <!-- FailedOrderexecutionSingleCommand_InvalidCommandURL_JSONDevice -->
  <testcase name="FailedNBOrderRequest_IncorrectProvisioningURL_RestAsync_JSON" classname="E2ETestCases.dSP.regression">
    <skipped/>
  </testcase> <!-- FailedNBOrderRequest_IncorrectProvisioningURL_RestAsync_JSON -->
  <testcase name="FailedNBOrderRequest_SyntaticalErrors_RestAsync_XML" classname="E2ETestCases.dSP.regression">
    <skipped/>
  </testcase> <!-- FailedNBOrderRequest_SyntaticalErrors_RestAsync_XML -->
  <testcase name="FailedNBOrderRequest_SyntaticalErrors_JMSJSON" classname="E2ETestCases.dSP.regression">
    <skipped/>
  </testcase> <!-- FailedNBOrderRequest_SyntaticalErrors_JMSJSON -->
  <testcase name="SuccessfulNBOrderRequest_JMSXML_SBDevice_SOAP" classname="E2ETestCases.dSP.regression">
    <skipped/>
  </testcase> <!-- SuccessfulNBOrderRequest_JMSXML_SBDevice_SOAP -->
  <testcase name="FailedNBOrderRequest_WithoutOrderID_JMSXML" classname="E2ETestCases.dSP.regression">
    <skipped/>
  </testcase> <!-- FailedNBOrderRequest_WithoutOrderID_JMSXML -->
  <testcase name="FailedNBOrderRequest_InvalidRequest_JMSJSON" classname="E2ETestCases.dSP.regression">
    <skipped/>
  </testcase> <!-- FailedNBOrderRequest_InvalidRequest_JMSJSON -->
  <testcase name="FailedNBOrderRequest_InvalidRequest_RestAsync_JSON_SBDevice_SOAP" classname="E2ETestCases.dSP.regression">
    <skipped/>
  </testcase> <!-- FailedNBOrderRequest_InvalidRequest_RestAsync_JSON_SBDevice_SOAP -->
  <testcase name="FailedNBOrderRequest_InvalidData_JMSXML" classname="E2ETestCases.dSP.regression">
    <skipped/>
  </testcase> <!-- FailedNBOrderRequest_InvalidData_JMSXML -->
  <testcase name="FailedNBOrderRequest_InvalidRequest_RestAsync_XML_SBDevice_SOAP" classname="E2ETestCases.dSP.regression">
    <skipped/>
  </testcase> <!-- FailedNBOrderRequest_InvalidRequest_RestAsync_XML_SBDevice_SOAP -->
  <testcase name="FailedNBOrderRequest_IncorrectCommandURL_JMSXML" classname="E2ETestCases.dSP.regression">
    <skipped/>
  </testcase> <!-- FailedNBOrderRequest_IncorrectCommandURL_JMSXML -->
  <testcase name="FailedNBOrderRequest_InvalidData_JMSJSON" classname="E2ETestCases.dSP.regression">
    <skipped/>
  </testcase> <!-- FailedNBOrderRequest_InvalidData_JMSJSON -->
  <testcase name="SuccessfulNBOrderRequest_JMSJSON_SBDevice_SOAP" classname="E2ETestCases.dSP.regression">
    <skipped/>
  </testcase> <!-- SuccessfulNBOrderRequest_JMSJSON_SBDevice_SOAP -->
  <testcase name="FailedNBOrderRequest_InvalidRequest_RestAsync_XML" classname="E2ETestCases.dSP.regression">
    <skipped/>
  </testcase> <!-- FailedNBOrderRequest_InvalidRequest_RestAsync_XML -->
  <testcase name="FailedOrderexecutionSingleCommand_InvalidCommandURL_XMLDevice" classname="E2ETestCases.dSP.regression">
    <skipped/>
  </testcase> <!-- FailedOrderexecutionSingleCommand_InvalidCommandURL_XMLDevice -->
</testsuite> <!-- E2ETestCases.dSP.regression -->
