<?xml version="1.0" encoding="UTF-8"?>
<!-- Generated by org.testng.reporters.JUnitReportReporter -->
<testsuite skipped="43" hostname="DESKTOP-81BPFCL" name="E2ETestCases.dSP.regression_One" tests="44" failures="0" timestamp="2020-08-04T17:55:28 IST" time="57.570" errors="0">
  <testcase name="PastScheduledproperty_NBOrderRequest_RestAsync_JSON" time="57.570" classname="E2ETestCases.dSP.regression_One"/>
  <testcase name="FailedNBOrderRequest_InvalidRequest_JMSXML" classname="E2ETestCases.dSP.regression_One">
    <skipped/>
  </testcase> <!-- FailedNBOrderRequest_InvalidRequest_JMSXML -->
  <testcase name="SuccessfulNBOrderRequest_JMSJSON" classname="E2ETestCases.dSP.regression_One">
    <skipped/>
  </testcase> <!-- SuccessfulNBOrderRequest_JMSJSON -->
  <testcase name="FailedNBOrderRequest_WithoutOrderID_RestAsync_JSON" classname="E2ETestCases.dSP.regression_One">
    <skipped/>
  </testcase> <!-- FailedNBOrderRequest_WithoutOrderID_RestAsync_JSON -->
  <testcase name="FailedNBOrderRequest_IncorrectProvisioningURL_RestAsync_JSON" classname="E2ETestCases.dSP.regression_One">
    <skipped/>
  </testcase> <!-- FailedNBOrderRequest_IncorrectProvisioningURL_RestAsync_JSON -->
  <testcase name="FailedNBOrderRequest_SyntaticalErrors_RestAsync_XML" classname="E2ETestCases.dSP.regression_One">
    <skipped/>
  </testcase> <!-- FailedNBOrderRequest_SyntaticalErrors_RestAsync_XML -->
  <testcase name="Test2" classname="E2ETestCases.dSP.regression_One">
    <skipped/>
  </testcase> <!-- Test2 -->
  <testcase name="FailedOrderexecutionSingleCommand_InvalidProvisioningURL_JSONDevice" classname="E2ETestCases.dSP.regression_One">
    <skipped/>
  </testcase> <!-- FailedOrderexecutionSingleCommand_InvalidProvisioningURL_JSONDevice -->
  <testcase name="FailedOrderexecutionSingleCommand_InvalidProvisioningURL_XMLDevice" classname="E2ETestCases.dSP.regression_One">
    <skipped/>
  </testcase> <!-- FailedOrderexecutionSingleCommand_InvalidProvisioningURL_XMLDevice -->
  <testcase name="FailedNBOrderRequest_InvalidRequest_RestAsync_XML_SBDevice_SOAP" classname="E2ETestCases.dSP.regression_One">
    <skipped/>
  </testcase> <!-- FailedNBOrderRequest_InvalidRequest_RestAsync_XML_SBDevice_SOAP -->
  <testcase name="FailedNBOrderRequest_InvalidRequest_RestAsync_JSON_SBDevice_SOAP" classname="E2ETestCases.dSP.regression_One">
    <skipped/>
  </testcase> <!-- FailedNBOrderRequest_InvalidRequest_RestAsync_JSON_SBDevice_SOAP -->
  <testcase name="FailedNBOrderRequest_InvalidData_JMSXML" classname="E2ETestCases.dSP.regression_One">
    <skipped/>
  </testcase> <!-- FailedNBOrderRequest_InvalidData_JMSXML -->
  <testcase name="FailedNBOrderRequest_WithoutOrderID_JMSXML" classname="E2ETestCases.dSP.regression_One">
    <skipped/>
  </testcase> <!-- FailedNBOrderRequest_WithoutOrderID_JMSXML -->
  <testcase name="FailedNBOrderRequest_IncorrectCommandURL_JMSXML" classname="E2ETestCases.dSP.regression_One">
    <skipped/>
  </testcase> <!-- FailedNBOrderRequest_IncorrectCommandURL_JMSXML -->
  <testcase name="FailedNBOrderRequest_IncorrectProvisioningURL_JMSXML" classname="E2ETestCases.dSP.regression_One">
    <skipped/>
  </testcase> <!-- FailedNBOrderRequest_IncorrectProvisioningURL_JMSXML -->
  <testcase name="FailedNBOrderRequest_InvalidRequest_JMSJSON" classname="E2ETestCases.dSP.regression_One">
    <skipped/>
  </testcase> <!-- FailedNBOrderRequest_InvalidRequest_JMSJSON -->
  <testcase name="FailedOrderexecutionSingleCommand_InvalidCommandURL_JSONDevice" classname="E2ETestCases.dSP.regression_One">
    <skipped/>
  </testcase> <!-- FailedOrderexecutionSingleCommand_InvalidCommandURL_JSONDevice -->
  <testcase name="FailedNBOrderRequest_InvalidData_JMSJSON" classname="E2ETestCases.dSP.regression_One">
    <skipped/>
  </testcase> <!-- FailedNBOrderRequest_InvalidData_JMSJSON -->
  <testcase name="FailedNBOrderRequest_InvalidRequest_RestAsync_XML" classname="E2ETestCases.dSP.regression_One">
    <skipped/>
  </testcase> <!-- FailedNBOrderRequest_InvalidRequest_RestAsync_XML -->
  <testcase name="FailedOrderexecutionSingleCommand_InvalidCommandURL_XMLDevice" classname="E2ETestCases.dSP.regression_One">
    <skipped/>
  </testcase> <!-- FailedOrderexecutionSingleCommand_InvalidCommandURL_XMLDevice -->
  <testcase name="PastScheduledproperty_NBOrderRequest_RestAsync_XML" classname="E2ETestCases.dSP.regression_One">
    <skipped/>
  </testcase> <!-- PastScheduledproperty_NBOrderRequest_RestAsync_XML -->
  <testcase name="SuccessfulNBOrderRequest_JMSXML_SBDevice_SOAP" classname="E2ETestCases.dSP.regression_One">
    <skipped/>
  </testcase> <!-- SuccessfulNBOrderRequest_JMSXML_SBDevice_SOAP -->
  <testcase name="SuccessfulNBOrderRequest_JMSJSON_SBDevice_SOAP" classname="E2ETestCases.dSP.regression_One">
    <skipped/>
  </testcase> <!-- SuccessfulNBOrderRequest_JMSJSON_SBDevice_SOAP -->
  <testcase name="SuccessfulOrderexecutionSingleCommand_XMLRequest" classname="E2ETestCases.dSP.regression_One">
    <skipped/>
  </testcase> <!-- SuccessfulOrderexecutionSingleCommand_XMLRequest -->
  <testcase name="FailedNBOrderRequest_InvalidRequest_RestAsync_JSON" classname="E2ETestCases.dSP.regression_One">
    <skipped/>
  </testcase> <!-- FailedNBOrderRequest_InvalidRequest_RestAsync_JSON -->
  <testcase name="FailedNBOrderRequest_InvalidRequest_JMSJSON_SBDevice_SOAP" classname="E2ETestCases.dSP.regression_One">
    <skipped/>
  </testcase> <!-- FailedNBOrderRequest_InvalidRequest_JMSJSON_SBDevice_SOAP -->
  <testcase name="FailedOrderexecutionSingleCommand_InvalidInput_JSONDevice" classname="E2ETestCases.dSP.regression_One">
    <skipped/>
  </testcase> <!-- FailedOrderexecutionSingleCommand_InvalidInput_JSONDevice -->
  <testcase name="FailedNBOrderRequest_DuplicateOrderID_RestAsync_JSON" classname="E2ETestCases.dSP.regression_One">
    <skipped/>
  </testcase> <!-- FailedNBOrderRequest_DuplicateOrderID_RestAsync_JSON -->
  <testcase name="SuccessfulNBOrderRequest_RESTASYNCXML_SBDevice_SOAP" classname="E2ETestCases.dSP.regression_One">
    <skipped/>
  </testcase> <!-- SuccessfulNBOrderRequest_RESTASYNCXML_SBDevice_SOAP -->
  <testcase name="FailedNBOrderRequest_DuplicateOrderID_JMSXML" classname="E2ETestCases.dSP.regression_One">
    <skipped/>
  </testcase> <!-- FailedNBOrderRequest_DuplicateOrderID_JMSXML -->
  <testcase name="FailedNBOrderRequest_SyntaticalErrors_RestAsync_JSON" classname="E2ETestCases.dSP.regression_One">
    <skipped/>
  </testcase> <!-- FailedNBOrderRequest_SyntaticalErrors_RestAsync_JSON -->
  <testcase name="FailedNBOrderRequest_InvalidData_RestAsync_JSON" classname="E2ETestCases.dSP.regression_One">
    <skipped/>
  </testcase> <!-- FailedNBOrderRequest_InvalidData_RestAsync_JSON -->
  <testcase name="FailedNBOrderRequest_IncorrectCommandURL_RestAsync_JSON" classname="E2ETestCases.dSP.regression_One">
    <skipped/>
  </testcase> <!-- FailedNBOrderRequest_IncorrectCommandURL_RestAsync_JSON -->
  <testcase name="FailedOrderexecutionSingleCommand_InvalidInput_XMLDevice" classname="E2ETestCases.dSP.regression_One">
    <skipped/>
  </testcase> <!-- FailedOrderexecutionSingleCommand_InvalidInput_XMLDevice -->
  <testcase name="SuccessfulNBOrderRequest_RESTASYNCJSON_SBDevice_SOAP" classname="E2ETestCases.dSP.regression_One">
    <skipped/>
  </testcase> <!-- SuccessfulNBOrderRequest_RESTASYNCJSON_SBDevice_SOAP -->
  <testcase name="FailedNBOrderRequest_SyntacticalErrors_JMSXML" classname="E2ETestCases.dSP.regression_One">
    <skipped/>
  </testcase> <!-- FailedNBOrderRequest_SyntacticalErrors_JMSXML -->
  <testcase name="SuccessfulNBOrderRequest_RESTASYNCXML" classname="E2ETestCases.dSP.regression_One">
    <skipped/>
  </testcase> <!-- SuccessfulNBOrderRequest_RESTASYNCXML -->
  <testcase name="SuccessfulNBOrderRequest_JMSXML" classname="E2ETestCases.dSP.regression_One">
    <skipped/>
  </testcase> <!-- SuccessfulNBOrderRequest_JMSXML -->
  <testcase name="FailedNBOrderRequest_SyntaticalErrors_JMSJSON" classname="E2ETestCases.dSP.regression_One">
    <skipped/>
  </testcase> <!-- FailedNBOrderRequest_SyntaticalErrors_JMSJSON -->
  <testcase name="SuccessfulNBOrderRequest_RESTASYNCJSON" classname="E2ETestCases.dSP.regression_One">
    <skipped/>
  </testcase> <!-- SuccessfulNBOrderRequest_RESTASYNCJSON -->
  <testcase name="Test1" classname="E2ETestCases.dSP.regression_One">
    <skipped/>
  </testcase> <!-- Test1 -->
  <testcase name="FailedNBOrderRequest_InvalidRequest_JMSXML_SBDevice_SOAP" classname="E2ETestCases.dSP.regression_One">
    <skipped/>
  </testcase> <!-- FailedNBOrderRequest_InvalidRequest_JMSXML_SBDevice_SOAP -->
  <testcase name="FailedNBOrderRequest_InvalidData_RestAsync_XML" classname="E2ETestCases.dSP.regression_One">
    <skipped/>
  </testcase> <!-- FailedNBOrderRequest_InvalidData_RestAsync_XML -->
  <testcase name="SuccessfulOrderexecutionSingleCommand_JSONRequest" classname="E2ETestCases.dSP.regression_One">
    <skipped/>
  </testcase> <!-- SuccessfulOrderexecutionSingleCommand_JSONRequest -->
</testsuite> <!-- E2ETestCases.dSP.regression_One -->
